app/build/intermediates/manifest_merge_blame_file/debug/processDebugMainManifest/manifest-merger-blame-debug-report.txt
1<?xml version="1.0" encoding="utf-8"?>
2<manifest xmlns:android="http://schemas.android.com/apk/res/android"
3    package="com.example.sos"
4    android:versionCode="1"
5    android:versionName="1.0" >
6
7    <uses-sdk
8        android:minSdkVersion="24"
9        android:targetSdkVersion="34" />
10
11    <!-- Permissions -->
12    <uses-permission android:name="android.permission.SEND_SMS" />
12-->src\main\AndroidManifest.xml:5:5-67
12-->src\main\AndroidManifest.xml:5:22-64
13    <uses-permission android:name="android.permission.ACCESS_FINE_LOCATION" />
13-->src\main\AndroidManifest.xml:6:5-79
13-->src\main\AndroidManifest.xml:6:22-76
14    <uses-permission android:name="android.permission.ACCESS_COARSE_LOCATION" />
14-->src\main\AndroidManifest.xml:7:5-81
14-->src\main\AndroidManifest.xml:7:22-78
15    <uses-permission android:name="android.permission.FOREGROUND_SERVICE" />
15-->src\main\AndroidManifest.xml:8:5-77
15-->src\main\AndroidManifest.xml:8:22-74
16    <uses-permission android:name="android.permission.VIBRATE" />
16-->src\main\AndroidManifest.xml:9:5-66
16-->src\main\AndroidManifest.xml:9:22-63
17    <uses-permission android:name="android.permission.CALL_PHONE" />
17-->src\main\AndroidManifest.xml:10:5-69
17-->src\main\AndroidManifest.xml:10:22-66
18    <uses-permission android:name="android.permission.READ_CONTACTS" />
18-->src\main\AndroidManifest.xml:11:5-72
18-->src\main\AndroidManifest.xml:11:22-69
19    <uses-permission android:name="android.permission.ACCESS_BACKGROUND_SERVICE" />
19-->src\main\AndroidManifest.xml:12:5-84
19-->src\main\AndroidManifest.xml:12:22-81
20
21    <!-- Features -->
22    <uses-feature
22-->src\main\AndroidManifest.xml:15:5-98
23        android:name="android.hardware.sensor.accelerometer"
23-->src\main\AndroidManifest.xml:15:19-71
24        android:required="true" />
24-->src\main\AndroidManifest.xml:15:72-95
25    <uses-feature
25-->src\main\AndroidManifest.xml:16:5-87
26        android:name="android.hardware.telephony"
26-->src\main\AndroidManifest.xml:16:19-60
27        android:required="false" />
27-->src\main\AndroidManifest.xml:16:61-85
28    <!-- Include required permissions for Google Maps API to run. -->
29    <uses-permission android:name="android.permission.ACCESS_NETWORK_STATE" />
29-->[com.google.android.gms:play-services-maps:18.1.0] AndroidManifest.xml:23:5-79
29-->[com.google.android.gms:play-services-maps:18.1.0] AndroidManifest.xml:23:22-76
30    <uses-permission android:name="android.permission.INTERNET" />
30-->[com.google.android.gms:play-services-maps:18.1.0] AndroidManifest.xml:24:5-67
30-->[com.google.android.gms:play-services-maps:18.1.0] AndroidManifest.xml:24:22-64
31
32    <uses-feature
32-->[com.google.android.gms:play-services-maps:18.1.0] AndroidManifest.xml:26:5-28:35
33        android:glEsVersion="0x00020000"
33-->[com.google.android.gms:play-services-maps:18.1.0] AndroidManifest.xml:27:9-41
34        android:required="true" />
34-->[com.google.android.gms:play-services-maps:18.1.0] AndroidManifest.xml:28:9-32
35
36    <queries>
36-->[com.google.android.gms:play-services-maps:18.1.0] AndroidManifest.xml:30:5-34:15
37
38        <!-- Needs to be explicitly declared on Android R+ -->
39        <package android:name="com.google.android.apps.maps" />
39-->[com.google.android.gms:play-services-maps:18.1.0] AndroidManifest.xml:33:9-64
39-->[com.google.android.gms:play-services-maps:18.1.0] AndroidManifest.xml:33:18-61
40    </queries>
41
42    <permission
42-->[androidx.core:core:1.9.0] AndroidManifest.xml:22:5-24:47
43        android:name="com.example.sos.DYNAMIC_RECEIVER_NOT_EXPORTED_PERMISSION"
43-->[androidx.core:core:1.9.0] AndroidManifest.xml:23:9-81
44        android:protectionLevel="signature" />
44-->[androidx.core:core:1.9.0] AndroidManifest.xml:24:9-44
45
46    <uses-permission android:name="com.example.sos.DYNAMIC_RECEIVER_NOT_EXPORTED_PERMISSION" />
46-->[androidx.core:core:1.9.0] AndroidManifest.xml:26:5-97
46-->[androidx.core:core:1.9.0] AndroidManifest.xml:26:22-94
47
48    <application
48-->src\main\AndroidManifest.xml:18:5-62:19
49        android:allowBackup="true"
49-->src\main\AndroidManifest.xml:19:9-35
50        android:appComponentFactory="androidx.core.app.CoreComponentFactory"
50-->[androidx.core:core:1.9.0] AndroidManifest.xml:28:18-86
51        android:dataExtractionRules="@xml/data_extraction_rules"
51-->src\main\AndroidManifest.xml:20:9-65
52        android:debuggable="true"
53        android:extractNativeLibs="false"
54        android:fullBackupContent="@xml/backup_rules"
54-->src\main\AndroidManifest.xml:21:9-54
55        android:icon="@drawable/help_icon"
55-->src\main\AndroidManifest.xml:22:9-43
56        android:label="@string/app_name"
56-->src\main\AndroidManifest.xml:23:9-41
57        android:roundIcon="@drawable/help_icon"
57-->src\main\AndroidManifest.xml:24:9-48
58        android:supportsRtl="true"
58-->src\main\AndroidManifest.xml:25:9-35
59        android:testOnly="true"
60        android:theme="@style/Theme.SOS" >
60-->src\main\AndroidManifest.xml:26:9-41
61
62        <!-- ✅ This is the only LAUNCHER activity -->
63        <activity
63-->src\main\AndroidManifest.xml:31:9-38:20
64            android:name="com.example.sos.splash_screen"
64-->src\main\AndroidManifest.xml:32:13-42
65            android:exported="true" >
65-->src\main\AndroidManifest.xml:33:13-36
66            <intent-filter>
66-->src\main\AndroidManifest.xml:34:13-37:29
67                <action android:name="android.intent.action.MAIN" />
67-->src\main\AndroidManifest.xml:35:17-69
67-->src\main\AndroidManifest.xml:35:25-66
68
69                <category android:name="android.intent.category.LAUNCHER" />
69-->src\main\AndroidManifest.xml:36:17-77
69-->src\main\AndroidManifest.xml:36:27-74
70            </intent-filter>
71        </activity>
72
73        <!-- ✅ Login page — NOT a launcher -->
74        <activity
74-->src\main\AndroidManifest.xml:41:9-43:39
75            android:name="com.example.sos.LoginActivity"
75-->src\main\AndroidManifest.xml:42:13-42
76            android:exported="true" />
76-->src\main\AndroidManifest.xml:43:13-36
77
78        <!-- Other activities -->
79        <activity
79-->src\main\AndroidManifest.xml:46:9-75
80            android:name="com.example.sos.MainActivity"
80-->src\main\AndroidManifest.xml:46:19-47
81            android:exported="false" />
81-->src\main\AndroidManifest.xml:46:48-72
82        <activity
82-->src\main\AndroidManifest.xml:47:9-85
83            android:name="com.example.sos.RegisterNumberActivity"
83-->src\main\AndroidManifest.xml:47:19-57
84            android:exported="false" />
84-->src\main\AndroidManifest.xml:47:58-82
85        <activity
85-->src\main\AndroidManifest.xml:48:9-74
86            android:name="com.example.sos.HomeActivity"
86-->src\main\AndroidManifest.xml:48:19-47
87            android:exported="false" />
87-->src\main\AndroidManifest.xml:48:48-72
88        <activity
88-->src\main\AndroidManifest.xml:49:9-74
89            android:name="com.example.sos.ShowContact"
89-->src\main\AndroidManifest.xml:49:19-46
90            android:exported="false" />
90-->src\main\AndroidManifest.xml:49:47-71
91        <activity
91-->src\main\AndroidManifest.xml:50:9-82
92            android:name="com.example.sos.EditMessageActivity"
92-->src\main\AndroidManifest.xml:50:19-54
93            android:exported="false" />
93-->src\main\AndroidManifest.xml:50:55-79
94        <activity
94-->src\main\AndroidManifest.xml:51:9-70
95            android:name="com.example.sos.soscall"
95-->src\main\AndroidManifest.xml:51:19-42
96            android:exported="false" />
96-->src\main\AndroidManifest.xml:51:43-67
97        <activity
97-->src\main\AndroidManifest.xml:52:9-68
98            android:name="com.example.sos.guide"
98-->src\main\AndroidManifest.xml:52:19-40
99            android:exported="false" />
99-->src\main\AndroidManifest.xml:52:41-65
100        <activity
100-->src\main\AndroidManifest.xml:53:9-75
101            android:name="com.example.sos.Instructions"
101-->src\main\AndroidManifest.xml:53:19-47
102            android:exported="false" />
102-->src\main\AndroidManifest.xml:53:48-72
103
104        <!-- Foreground service -->
105        <service
105-->src\main\AndroidManifest.xml:56:9-60:58
106            android:name="com.example.sos.ServiceMine"
106-->src\main\AndroidManifest.xml:57:13-40
107            android:enabled="true"
107-->src\main\AndroidManifest.xml:58:13-35
108            android:foregroundServiceType="location|phoneCall" />
108-->src\main\AndroidManifest.xml:59:13-63
109
110        <!-- Needs to be explicitly declared on P+ -->
111        <uses-library
111-->[com.google.android.gms:play-services-maps:18.1.0] AndroidManifest.xml:39:9-41:40
112            android:name="org.apache.http.legacy"
112-->[com.google.android.gms:play-services-maps:18.1.0] AndroidManifest.xml:40:13-50
113            android:required="false" />
113-->[com.google.android.gms:play-services-maps:18.1.0] AndroidManifest.xml:41:13-37
114
115        <activity
115-->[com.google.android.gms:play-services-base:18.1.0] AndroidManifest.xml:20:9-22:45
116            android:name="com.google.android.gms.common.api.GoogleApiActivity"
116-->[com.google.android.gms:play-services-base:18.1.0] AndroidManifest.xml:20:19-85
117            android:exported="false"
117-->[com.google.android.gms:play-services-base:18.1.0] AndroidManifest.xml:22:19-43
118            android:theme="@android:style/Theme.Translucent.NoTitleBar" />
118-->[com.google.android.gms:play-services-base:18.1.0] AndroidManifest.xml:21:19-78
119
120        <meta-data
120-->[com.google.android.gms:play-services-basement:18.1.0] AndroidManifest.xml:21:9-23:69
121            android:name="com.google.android.gms.version"
121-->[com.google.android.gms:play-services-basement:18.1.0] AndroidManifest.xml:22:13-58
122            android:value="@integer/google_play_services_version" />
122-->[com.google.android.gms:play-services-basement:18.1.0] AndroidManifest.xml:23:13-66
123
124        <provider
124-->[androidx.emoji2:emoji2:1.2.0] AndroidManifest.xml:24:9-32:20
125            android:name="androidx.startup.InitializationProvider"
125-->[androidx.emoji2:emoji2:1.2.0] AndroidManifest.xml:25:13-67
126            android:authorities="com.example.sos.androidx-startup"
126-->[androidx.emoji2:emoji2:1.2.0] AndroidManifest.xml:26:13-68
127            android:exported="false" >
127-->[androidx.emoji2:emoji2:1.2.0] AndroidManifest.xml:27:13-37
128            <meta-data
128-->[androidx.emoji2:emoji2:1.2.0] AndroidManifest.xml:29:13-31:52
129                android:name="androidx.emoji2.text.EmojiCompatInitializer"
129-->[androidx.emoji2:emoji2:1.2.0] AndroidManifest.xml:30:17-75
130                android:value="androidx.startup" />
130-->[androidx.emoji2:emoji2:1.2.0] AndroidManifest.xml:31:17-49
131            <meta-data
131-->[androidx.lifecycle:lifecycle-process:2.4.1] AndroidManifest.xml:31:13-33:52
132                android:name="androidx.lifecycle.ProcessLifecycleInitializer"
132-->[androidx.lifecycle:lifecycle-process:2.4.1] AndroidManifest.xml:32:17-78
133                android:value="androidx.startup" />
133-->[androidx.lifecycle:lifecycle-process:2.4.1] AndroidManifest.xml:33:17-49
134        </provider>
135    </application>
136
137</manifest>